

*******************************************************************************
Tue Apr  5 23:56:25 2022


FIT:    data read from 'salida.dat'
        format = z
        #datapoints = 9
        residuals are weighted equally (unit weight)

function used for fitting: f(x)
	f(x) = a0 + a1*x
fitted parameters initialized with current variable values

iter      chisq       delta/lim  lambda   a0            a1           
   0 3.7529860201e+14   0.00e+00  4.57e+06    1.000000e+00   1.000000e+00
   4 6.0029520076e+00  -2.22e-01  4.57e+02    9.999996e-01  -8.622092e-08

After 4 iterations the fit converged.
final sum of squares of residuals : 6.00295
rel. change during last iteration : -2.22455e-06

degrees of freedom    (FIT_NDF)                        : 7
rms of residuals      (FIT_STDFIT) = sqrt(WSSR/ndf)    : 0.926048
variance of residuals (reduced chisquare) = WSSR/ndf   : 0.857565

Final set of parameters            Asymptotic Standard Error
=======================            ==========================
a0              = 1                +/- 0.3777       (37.77%)
a1              = -8.62209e-08     +/- 5.849e-08    (67.84%)

correlation matrix of the fit parameters:
                a0     a1     
a0              1.000 
a1             -0.576  1.000 


*******************************************************************************
Tue Apr  5 23:57:11 2022


FIT:    data read from 'salida.dat'
        format = z
        #datapoints = 9
        residuals are weighted equally (unit weight)

function used for fitting: g(x)
	g(x) = b0 + b1*x
fitted parameters initialized with current variable values

iter      chisq       delta/lim  lambda   b0            b1           
   0 3.7529860201e+14   0.00e+00  4.57e+06    1.000000e+00   1.000000e+00
   4 6.0029520076e+00  -2.22e-01  4.57e+02    9.999996e-01  -8.622092e-08

After 4 iterations the fit converged.
final sum of squares of residuals : 6.00295
rel. change during last iteration : -2.22455e-06

degrees of freedom    (FIT_NDF)                        : 7
rms of residuals      (FIT_STDFIT) = sqrt(WSSR/ndf)    : 0.926048
variance of residuals (reduced chisquare) = WSSR/ndf   : 0.857565

Final set of parameters            Asymptotic Standard Error
=======================            ==========================
b0              = 1                +/- 0.3777       (37.77%)
b1              = -8.62209e-08     +/- 5.849e-08    (67.84%)

correlation matrix of the fit parameters:
                b0     b1     
b0              1.000 
b1             -0.576  1.000 


*******************************************************************************
Tue Apr  5 23:57:46 2022


FIT:    data read from 'salida_sections.dat'
        format = z
        #datapoints = 9
        residuals are weighted equally (unit weight)

function used for fitting: h(x)
	h(x) = c0 + c1*x
fitted parameters initialized with current variable values

iter      chisq       delta/lim  lambda   c0            c1           
   0 3.7529860093e+14   0.00e+00  4.57e+06    1.000000e+00   1.000000e+00
   4 5.9665305191e+00  -2.23e-01  4.57e+02    9.999996e-01  -8.478133e-08

After 4 iterations the fit converged.
final sum of squares of residuals : 5.96653
rel. change during last iteration : -2.23459e-06

degrees of freedom    (FIT_NDF)                        : 7
rms of residuals      (FIT_STDFIT) = sqrt(WSSR/ndf)    : 0.923234
variance of residuals (reduced chisquare) = WSSR/ndf   : 0.852362

Final set of parameters            Asymptotic Standard Error
=======================            ==========================
c0              = 1                +/- 0.3765       (37.65%)
c1              = -8.47813e-08     +/- 5.831e-08    (68.78%)

correlation matrix of the fit parameters:
                c0     c1     
c0              1.000 
c1             -0.576  1.000 


*******************************************************************************
Tue Apr  5 23:57:57 2022


FIT:    data read from 'salida_for.dat'
        format = z
        #datapoints = 9
        residuals are weighted equally (unit weight)

function used for fitting: g(x)
	g(x) = b0 + b1*x
fitted parameters initialized with current variable values

iter      chisq       delta/lim  lambda   b0            b1           
   0 5.9849344643e+00   0.00e+00  8.09e-01    9.999996e-01  -8.622092e-08
   4 3.6818802281e-04  -1.52e-06  8.09e-05    2.299067e-03   1.668913e-09

After 4 iterations the fit converged.
final sum of squares of residuals : 0.000368188
rel. change during last iteration : -1.51854e-11

degrees of freedom    (FIT_NDF)                        : 7
rms of residuals      (FIT_STDFIT) = sqrt(WSSR/ndf)    : 0.00725247
variance of residuals (reduced chisquare) = WSSR/ndf   : 5.25983e-05

Final set of parameters            Asymptotic Standard Error
=======================            ==========================
b0              = 0.00229907       +/- 0.002958     (128.7%)
b1              = 1.66891e-09      +/- 4.581e-10    (27.45%)

correlation matrix of the fit parameters:
                b0     b1     
b0              1.000 
b1             -0.576  1.000 


*******************************************************************************
Wed Apr  6 00:01:23 2022


FIT:    data read from 'salida_for.dat'
        format = z
        #datapoints = 9
        residuals are weighted equally (unit weight)

function used for fitting: g(x)
	g(x) = b0 + b1*x
fitted parameters initialized with current variable values

iter      chisq       delta/lim  lambda   b0            b1           
   0 3.6818802281e-04   0.00e+00  7.79e-03    2.299067e-03   1.668913e-09
   1 3.6818802281e-04   0.00e+00  7.79e-04    2.299067e-03   1.668913e-09

After 1 iterations the fit converged.
final sum of squares of residuals : 0.000368188
rel. change during last iteration : 0

degrees of freedom    (FIT_NDF)                        : 7
rms of residuals      (FIT_STDFIT) = sqrt(WSSR/ndf)    : 0.00725247
variance of residuals (reduced chisquare) = WSSR/ndf   : 5.25983e-05

Final set of parameters            Asymptotic Standard Error
=======================            ==========================
b0              = 0.00229907       +/- 0.002958     (128.7%)
b1              = 1.66891e-09      +/- 4.581e-10    (27.45%)

correlation matrix of the fit parameters:
                b0     b1     
b0              1.000 
b1             -0.576  1.000 


*******************************************************************************
Wed Apr  6 00:01:39 2022


FIT:    data read from 'salida_sections.dat'
        format = z
        #datapoints = 9
        residuals are weighted equally (unit weight)

function used for fitting: h(x)
	h(x) = c0 + c1*x
fitted parameters initialized with current variable values

iter      chisq       delta/lim  lambda   c0            c1           
   0 5.9665305191e+00   0.00e+00  8.06e-01    9.999996e-01  -8.478133e-08
   4 2.6336423957e-04  -2.39e-06  8.06e-05    3.785150e-03   4.113562e-09

After 4 iterations the fit converged.
final sum of squares of residuals : 0.000263364
rel. change during last iteration : -2.3943e-11

degrees of freedom    (FIT_NDF)                        : 7
rms of residuals      (FIT_STDFIT) = sqrt(WSSR/ndf)    : 0.0061338
variance of residuals (reduced chisquare) = WSSR/ndf   : 3.76235e-05

Final set of parameters            Asymptotic Standard Error
=======================            ==========================
c0              = 0.00378515       +/- 0.002502     (66.09%)
c1              = 4.11356e-09      +/- 3.874e-10    (9.418%)

correlation matrix of the fit parameters:
                c0     c1     
c0              1.000 
c1             -0.576  1.000 


*******************************************************************************
Wed Apr  6 00:01:46 2022


FIT:    data read from 'salida.dat'
        format = z
        #datapoints = 9
        residuals are weighted equally (unit weight)

function used for fitting: f(x)
	f(x) = a0 + a1*x
fitted parameters initialized with current variable values

iter      chisq       delta/lim  lambda   a0            a1           
   0 6.0029520076e+00   0.00e+00  8.09e-01    9.999996e-01  -8.622092e-08
   4 3.0756731365e-06  -1.86e-04  8.09e-05    7.273810e-04   2.946825e-09

After 4 iterations the fit converged.
final sum of squares of residuals : 3.07567e-06
rel. change during last iteration : -1.85778e-09

degrees of freedom    (FIT_NDF)                        : 7
rms of residuals      (FIT_STDFIT) = sqrt(WSSR/ndf)    : 0.000662859
variance of residuals (reduced chisquare) = WSSR/ndf   : 4.39382e-07

Final set of parameters            Asymptotic Standard Error
=======================            ==========================
a0              = 0.000727381      +/- 0.0002703    (37.17%)
a1              = 2.94683e-09      +/- 4.187e-11    (1.421%)

correlation matrix of the fit parameters:
                a0     a1     
a0              1.000 
a1             -0.576  1.000 
